<?xml version="1.0" encoding="UTF-8"?>
<testng-results ignored="0" total="1" passed="1" failed="0" skipped="0">
  <reporter-output>
  </reporter-output>
  <suite started-at="2022-09-17T04:49:36Z" name="Suite" finished-at="2022-09-17T04:49:47Z" duration-ms="10316">
    <groups>
    </groups>
    <test started-at="2022-09-17T04:49:36Z" name="Test" finished-at="2022-09-17T04:49:47Z" duration-ms="10316">
      <class name="com.tests.LoginTests">
        <test-method signature="FB_001()[pri:0, instance:com.tests.LoginTests@16b2bb0c]" started-at="2022-09-17T04:49:36Z" name="FB_001" finished-at="2022-09-17T04:49:47Z" duration-ms="10247" status="PASS">
          <reporter-output>
          </reporter-output>
        </test-method> <!-- FB_001 -->
      </class> <!-- com.tests.LoginTests -->
    </test> <!-- Test -->
  </suite> <!-- Suite -->
</testng-results>
