<?xml version="1.0" encoding="UTF-8"?>
<testng-results ignored="0" total="1" passed="1" failed="0" skipped="0">
  <reporter-output>
  </reporter-output>
  <suite started-at="2022-05-01T11:10:50 IST" name="Default suite" finished-at="2022-05-01T11:10:58 IST" duration-ms="7854">
    <groups>
    </groups>
    <test started-at="2022-05-01T11:10:50 IST" name="Default test" finished-at="2022-05-01T11:10:58 IST" duration-ms="7854">
      <class name="TestScripts.LoginTests">
        <test-method signature="FB_001()[pri:0, instance:TestScripts.LoginTests@71a8adcf]" started-at="2022-05-01T11:10:50 IST" name="FB_001" finished-at="2022-05-01T11:10:58 IST" duration-ms="7736" status="PASS">
          <reporter-output>
          </reporter-output>
        </test-method> <!-- FB_001 -->
      </class> <!-- TestScripts.LoginTests -->
    </test> <!-- Default test -->
  </suite> <!-- Default suite -->
</testng-results>
